[2022-02-23T13:47:06.753] [INFO] default - GET /api/info
[2022-02-23T13:47:15.602] [INFO] default - GET /
[2022-02-23T13:47:16.092] [INFO] default - GET /styles.css
[2022-02-23T13:47:16.114] [INFO] default - GET /js/index.js
[2022-03-01T11:46:22.774] [INFO] default - GET /api/info
[2022-03-01T11:46:23.434] [INFO] default - GET /favicon.ico
[2022-03-01T11:46:34.136] [INFO] default - GET /api/mail
[2022-03-01T11:47:31.917] [INFO] default - GET /api/mail
[2022-03-01T11:49:13.393] [INFO] default - GET /api/mail
[2022-03-01T11:55:33.785] [INFO] default - GET /api/mail
[2022-03-01T11:56:56.947] [INFO] default - GET /api/mail
[2022-03-01T11:57:18.681] [INFO] default - GET /api/info
[2022-03-01T11:57:34.014] [INFO] default - GET /api/mail
[2022-03-01T11:58:33.578] [INFO] default - GET /api/mail
[2022-03-01T12:02:23.998] [INFO] default - GET /api/mail
[2022-03-01T12:52:03.852] [INFO] default - GET /api/info
[2022-03-01T12:52:12.067] [INFO] default - GET /api/mail
[2022-03-01T12:55:17.058] [INFO] default - GET /api/mail
[2022-03-01T12:59:13.160] [INFO] default - GET /api/mail
[2022-03-01T14:40:14.658] [INFO] default - GET /api/info
[2022-03-01T14:40:25.997] [INFO] default - GET /api/info
[2022-03-01T14:40:58.087] [INFO] default - GET /api/sms
[2022-03-01T14:41:23.984] [INFO] default - GET /api/sms
[2022-03-01T14:42:52.461] [INFO] default - GET /api/info
[2022-03-01T14:43:03.576] [INFO] default - GET /api/sms
[2022-03-01T15:05:56.389] [INFO] default - GET /api/wsp
[2022-03-01T15:09:13.697] [INFO] default - GET /api/wsp
[2022-03-02T11:54:26.575] [INFO] default - GET /views/articulos
[2022-03-02T11:54:28.653] [INFO] default - GET /styles.css
[2022-03-02T12:00:38.083] [INFO] default - GET /views/articulos
[2022-03-02T12:00:38.409] [INFO] default - GET /styles.css
[2022-03-02T12:00:45.234] [INFO] default - GET /
[2022-03-02T12:00:45.496] [INFO] default - GET /js/index.js
[2022-03-02T12:00:45.503] [INFO] default - GET /styles.css
[2022-03-02T12:25:29.288] [INFO] default - GET /
[2022-03-02T12:25:29.492] [INFO] default - GET /js/index.js
[2022-03-02T12:25:29.554] [INFO] default - GET /styles.css
[2022-03-02T12:26:29.304] [INFO] default - POST /api/register
[2022-03-02T12:26:30.625] [INFO] default - GET /pages/login.html
[2022-03-02T12:26:31.267] [INFO] default - GET /js/login.js
[2022-03-02T12:26:31.284] [INFO] default - GET /styles.css
[2022-03-02T12:28:19.034] [INFO] default - GET /
[2022-03-02T12:28:19.418] [INFO] default - GET /styles.css
[2022-03-02T12:28:19.474] [INFO] default - GET /js/index.js
[2022-03-02T12:28:52.614] [INFO] default - POST /api/register
[2022-03-02T12:28:53.702] [INFO] default - GET /pages/login.html
[2022-03-02T12:28:54.437] [INFO] default - GET /styles.css
[2022-03-02T12:28:54.461] [INFO] default - GET /js/login.js
[2022-03-02T12:33:58.182] [INFO] default - GET /
[2022-03-02T12:33:58.458] [INFO] default - GET /js/index.js
[2022-03-02T12:33:58.473] [INFO] default - GET /styles.css
[2022-03-02T12:34:20.062] [INFO] default - POST /api/register
[2022-03-02T12:34:21.117] [INFO] default - GET /pages/login.html
[2022-03-02T12:34:21.867] [INFO] default - GET /styles.css
[2022-03-02T12:34:21.891] [INFO] default - GET /js/login.js
[2022-03-02T12:35:48.301] [INFO] default - GET /
[2022-03-02T12:35:48.569] [INFO] default - GET /styles.css
[2022-03-02T12:35:48.582] [INFO] default - GET /js/index.js
[2022-03-02T12:36:46.691] [INFO] default - POST /api/register
[2022-03-02T12:36:47.904] [INFO] default - GET /pages/login.html
[2022-03-02T12:36:48.637] [INFO] default - GET /styles.css
[2022-03-02T12:36:48.648] [INFO] default - GET /js/login.js
[2022-03-02T12:44:13.786] [INFO] default - POST /api/login
[2022-03-02T12:44:14.406] [INFO] default - GET /pages/gestorArt.html
[2022-03-02T12:44:15.014] [INFO] default - GET /js/gestorArt.js
[2022-03-02T12:44:15.023] [INFO] default - GET /styles.css
[2022-03-02T12:44:15.782] [INFO] default - GET /currentUser
[2022-03-02T12:44:16.378] [INFO] default - GET /templates/productsTable.handlebars
[2022-03-02T12:48:19.140] [INFO] default - GET /pages/gestorArt.html
[2022-03-02T12:48:19.427] [INFO] default - GET /js/gestorArt.js
[2022-03-02T12:48:19.452] [INFO] default - GET /styles.css
[2022-03-02T12:48:19.857] [INFO] default - GET /currentUser
[2022-03-02T12:48:20.246] [INFO] default - GET /pages/login.html
[2022-03-02T12:48:20.488] [INFO] default - GET /styles.css
[2022-03-02T12:48:20.498] [INFO] default - GET /js/login.js
[2022-03-02T12:48:25.850] [INFO] default - POST /api/login
[2022-03-02T12:48:26.506] [INFO] default - GET /pages/gestorArt.html
[2022-03-02T12:48:27.255] [INFO] default - GET /js/gestorArt.js
[2022-03-02T12:48:27.267] [INFO] default - GET /styles.css
[2022-03-02T12:48:28.808] [INFO] default - GET /currentUser
[2022-03-02T12:48:29.320] [INFO] default - GET /templates/productsTable.handlebars
[2022-03-02T12:52:42.853] [INFO] default - GET /pages/gestorArt.html
[2022-03-02T12:52:43.112] [INFO] default - GET /js/gestorArt.js
[2022-03-02T12:52:43.138] [INFO] default - GET /styles.css
[2022-03-02T12:52:43.476] [INFO] default - GET /currentUser
[2022-03-02T12:52:44.008] [INFO] default - GET /pages/login.html
[2022-03-02T12:52:44.212] [INFO] default - GET /styles.css
[2022-03-02T12:52:44.261] [INFO] default - GET /js/login.js
[2022-03-02T12:52:51.624] [INFO] default - POST /api/login
[2022-03-02T12:52:52.217] [INFO] default - GET /pages/gestorArt.html
[2022-03-02T12:52:52.878] [INFO] default - GET /js/gestorArt.js
[2022-03-02T12:52:52.888] [INFO] default - GET /styles.css
[2022-03-02T12:52:54.306] [INFO] default - GET /currentUser
[2022-03-02T12:52:54.895] [INFO] default - GET /templates/productsTable.handlebars
[2022-03-02T12:55:21.364] [INFO] default - GET /pages/gestorArt.html
[2022-03-02T12:55:21.730] [INFO] default - GET /styles.css
[2022-03-02T12:55:21.743] [INFO] default - GET /js/gestorArt.js
[2022-03-02T12:55:22.440] [INFO] default - GET /currentUser
[2022-03-02T12:55:22.810] [INFO] default - GET /pages/login.html
[2022-03-02T12:55:22.993] [INFO] default - GET /styles.css
[2022-03-02T12:55:23.008] [INFO] default - GET /js/login.js
[2022-03-02T12:55:36.720] [INFO] default - POST /api/login
[2022-03-02T12:55:37.416] [INFO] default - GET /pages/gestorArt.html
[2022-03-02T12:55:38.088] [INFO] default - GET /styles.css
[2022-03-02T12:55:38.101] [INFO] default - GET /js/gestorArt.js
[2022-03-02T12:55:39.456] [INFO] default - GET /currentUser
[2022-03-02T12:55:39.926] [INFO] default - GET /templates/productsTable.handlebars
[2022-03-02T12:56:42.301] [INFO] default - GET /templates/productsTable.handlebars
[2022-03-02T12:58:17.495] [INFO] default - GET /pages/gestorArt.html
[2022-03-02T12:58:18.133] [INFO] default - GET /styles.css
[2022-03-02T12:58:18.152] [INFO] default - GET /js/gestorArt.js
[2022-03-02T12:58:18.639] [INFO] default - GET /currentUser
[2022-03-02T12:58:18.998] [INFO] default - GET /pages/login.html
[2022-03-02T12:58:19.207] [INFO] default - GET /styles.css
[2022-03-02T12:58:19.214] [INFO] default - GET /js/login.js
[2022-03-02T12:58:31.540] [INFO] default - POST /api/login
[2022-03-02T12:58:32.144] [INFO] default - GET /pages/gestorArt.html
[2022-03-02T12:58:32.787] [INFO] default - GET /styles.css
[2022-03-02T12:58:32.805] [INFO] default - GET /js/gestorArt.js
[2022-03-02T12:58:34.142] [INFO] default - GET /currentUser
[2022-03-02T12:58:34.596] [INFO] default - GET /templates/productsTable.handlebars
[2022-03-02T13:03:54.622] [INFO] default - GET /
[2022-03-02T13:03:57.430] [INFO] default - GET /styles.css
[2022-03-02T13:03:57.579] [INFO] default - GET /js/index.js
[2022-03-02T13:10:36.071] [INFO] default - GET /
[2022-03-02T13:10:36.314] [INFO] default - GET /styles.css
[2022-03-02T13:10:36.330] [INFO] default - GET /js/index.js
[2022-03-02T13:17:02.226] [INFO] default - GET /
[2022-03-02T13:17:02.402] [INFO] default - GET /styles.css
[2022-03-02T13:17:02.470] [INFO] default - GET /js/index.js
[2022-03-02T13:18:09.549] [INFO] default - POST /api/register
[2022-03-02T13:18:10.574] [INFO] default - GET /pages/login.html
[2022-03-02T13:18:11.370] [INFO] default - GET /styles.css
[2022-03-02T13:18:11.408] [INFO] default - GET /js/login.js
[2022-03-02T13:56:47.675] [INFO] default - GET /
[2022-03-02T13:56:47.870] [INFO] default - GET /styles.css
[2022-03-02T13:56:47.891] [INFO] default - GET /js/index.js
[2022-03-02T13:57:56.037] [INFO] default - POST /api/register
[2022-03-02T13:57:57.142] [INFO] default - GET /pages/login.html
[2022-03-02T13:57:57.832] [INFO] default - GET /styles.css
[2022-03-02T13:57:57.844] [INFO] default - GET /js/login.js
[2022-03-02T13:58:44.166] [INFO] default - POST /api/login
[2022-03-02T13:58:45.085] [INFO] default - GET /pages/gestorArt.html
[2022-03-02T13:58:45.717] [INFO] default - GET /styles.css
[2022-03-02T13:58:45.731] [INFO] default - GET /js/gestorArt.js
[2022-03-02T13:58:46.354] [INFO] default - GET /currentUser
[2022-03-02T13:58:46.865] [INFO] default - GET /templates/productsTable.handlebars
[2022-03-02T14:08:08.522] [INFO] default - GET /
[2022-03-02T14:08:08.812] [INFO] default - GET /styles.css
[2022-03-02T14:08:08.842] [INFO] default - GET /js/index.js
[2022-03-02T14:08:10.157] [INFO] default - GET /
[2022-03-02T14:09:02.796] [INFO] default - GET /
[2022-03-02T14:09:03.164] [INFO] default - GET /styles.css
[2022-03-02T14:09:03.251] [INFO] default - GET /js/index.js
[2022-03-02T14:11:20.954] [INFO] default - GET /
[2022-03-02T14:11:21.204] [INFO] default - GET /styles.css
[2022-03-02T14:11:21.214] [INFO] default - GET /js/index.js
[2022-03-02T14:11:21.219] [INFO] default - GET /js/gestorArt.js
[2022-03-02T14:11:21.487] [INFO] default - GET /currentUser
[2022-03-02T14:11:21.833] [INFO] default - GET /login.html
[2022-03-02T14:11:25.023] [INFO] default - GET /login.html
[2022-03-02T14:11:31.165] [INFO] default - GET /
[2022-03-02T14:11:31.346] [INFO] default - GET /styles.css
[2022-03-02T14:11:31.362] [INFO] default - GET /js/index.js
[2022-03-02T14:11:31.367] [INFO] default - GET /js/gestorArt.js
[2022-03-02T14:11:31.631] [INFO] default - GET /currentUser
[2022-03-02T14:11:31.941] [INFO] default - GET /login.html
[2022-03-02T14:11:48.792] [INFO] default - GET /login.html
[2022-03-02T14:11:52.952] [INFO] default - GET /
[2022-03-02T14:11:53.108] [INFO] default - GET /styles.css
[2022-03-02T14:11:53.119] [INFO] default - GET /js/index.js
[2022-03-02T14:13:29.190] [INFO] default - GET /
[2022-03-02T14:13:29.344] [INFO] default - GET /styles.css
[2022-03-02T14:13:29.429] [INFO] default - GET /js/index.js
[2022-03-02T14:14:31.710] [INFO] default - GET /
[2022-03-02T14:14:32.177] [INFO] default - GET /styles.css
[2022-03-02T14:14:32.190] [INFO] default - GET /js/index.js
[2022-03-02T14:16:18.121] [INFO] default - GET /
[2022-03-02T14:16:18.341] [INFO] default - GET /styles.css
[2022-03-02T14:16:18.351] [INFO] default - GET /js/index.js
[2022-03-02T14:17:49.329] [INFO] default - POST /api/register
[2022-03-02T14:17:50.734] [INFO] default - GET /pages/login.html
[2022-03-02T14:17:51.455] [INFO] default - GET /styles.css
[2022-03-02T14:17:51.532] [INFO] default - GET /js/login.js
[2022-03-02T14:27:57.896] [INFO] default - GET /
[2022-03-02T14:27:58.518] [INFO] default - GET /styles.css
[2022-03-02T14:27:58.580] [INFO] default - GET /js/index.js
[2022-03-02T14:29:48.145] [INFO] default - POST /api/register
[2022-03-02T14:33:46.364] [INFO] default - GET /
[2022-03-02T14:33:46.785] [INFO] default - GET /styles.css
[2022-03-02T14:33:46.801] [INFO] default - GET /js/index.js
[2022-03-02T14:34:22.923] [INFO] default - POST /api/register
[2022-03-02T14:36:32.426] [INFO] default - GET /
[2022-03-02T14:36:32.623] [INFO] default - GET /styles.css
[2022-03-02T14:36:32.648] [INFO] default - GET /js/index.js
[2022-03-02T14:37:06.106] [INFO] default - POST /api/register
[2022-03-02T14:37:07.136] [INFO] default - GET /pages/login.html
[2022-03-02T14:37:07.810] [INFO] default - GET /styles.css
[2022-03-02T14:37:07.826] [INFO] default - GET /js/login.js
[2022-03-03T10:46:14.435] [INFO] default - GET /pages/login.html
[2022-03-03T10:46:15.852] [INFO] default - GET /styles.css
[2022-03-03T10:46:16.007] [INFO] default - GET /js/login.js
[2022-03-03T10:49:45.983] [INFO] default - GET /
[2022-03-03T10:49:46.130] [INFO] default - GET /
[2022-03-03T10:49:46.289] [INFO] default - GET /styles.css
[2022-03-03T10:49:46.302] [INFO] default - GET /js/index.js
[2022-03-03T10:49:47.014] [INFO] default - GET /styles.css
[2022-03-03T10:49:47.104] [INFO] default - GET /js/index.js
[2022-03-03T10:51:45.742] [INFO] default - GET /
[2022-03-03T10:51:46.789] [INFO] default - GET /js/index.js
[2022-03-03T10:52:46.965] [INFO] default - POST /api/register
[2022-03-03T10:52:51.704] [INFO] default - GET /pages/login.html
[2022-03-03T10:52:52.406] [INFO] default - GET /styles.css
[2022-03-03T10:52:52.416] [INFO] default - GET /js/login.js
[2022-03-03T10:53:24.681] [INFO] default - GET /
[2022-03-03T10:53:25.427] [INFO] default - GET /styles.css
[2022-03-03T10:53:25.448] [INFO] default - GET /js/index.js
[2022-03-03T10:53:29.801] [INFO] default - GET /pages/login.html
[2022-03-03T10:53:30.415] [INFO] default - GET /styles.css
[2022-03-03T10:53:30.423] [INFO] default - GET /js/login.js
[2022-03-03T11:01:06.056] [INFO] default - GET /
[2022-03-03T11:01:06.518] [INFO] default - GET /styles.css
[2022-03-03T11:01:06.537] [INFO] default - GET /js/index.js
[2022-03-03T11:01:35.630] [INFO] default - POST /api/register
[2022-03-03T11:04:14.458] [INFO] default - POST /api/register
[2022-03-03T11:11:57.446] [INFO] default - POST /api/register
[2022-03-03T11:19:51.687] [INFO] default - POST /api/register
[2022-03-03T11:22:35.896] [INFO] default - POST /api/register
[2022-03-03T11:24:30.451] [INFO] default - POST /api/register
[2022-03-03T11:34:04.617] [INFO] default - POST /api/register
[2022-03-03T11:35:50.819] [INFO] default - GET /styles.css
[2022-03-03T11:36:59.979] [INFO] default - POST /api/register
[2022-03-03T11:43:18.536] [INFO] default - POST /api/register
[2022-03-03T11:44:31.651] [INFO] default - POST /api/register
[2022-03-03T11:46:11.462] [INFO] default - POST /api/register
[2022-03-03T11:48:39.416] [INFO] default - POST /api/register
[2022-03-03T11:49:13.402] [INFO] default - POST /api/register
[2022-03-03T11:50:09.647] [INFO] default - POST /api/register
[2022-03-03T11:50:10.791] [INFO] default - GET /pages/login.html
[2022-03-03T11:50:11.479] [INFO] default - GET /styles.css
[2022-03-03T11:50:11.539] [INFO] default - GET /js/login.js
[2022-03-03T11:55:20.887] [INFO] default - GET /
[2022-03-03T11:55:21.280] [INFO] default - GET /styles.css
[2022-03-03T11:55:21.301] [INFO] default - GET /js/index.js
[2022-03-03T11:58:39.645] [INFO] default - POST /api/register
[2022-03-03T12:01:11.529] [INFO] default - GET /
[2022-03-03T12:01:11.980] [INFO] default - GET /styles.css
[2022-03-03T12:01:12.003] [INFO] default - GET /js/index.js
[2022-03-03T12:01:38.663] [INFO] default - POST /api/register
[2022-03-03T12:03:12.247] [INFO] default - POST /api/register
[2022-03-03T12:05:11.238] [INFO] default - GET /
[2022-03-03T12:05:11.612] [INFO] default - GET /styles.css
[2022-03-03T12:05:11.637] [INFO] default - GET /js/index.js
[2022-03-03T12:05:43.514] [INFO] default - POST /api/register
[2022-03-03T12:10:02.968] [INFO] default - GET /
[2022-03-03T12:10:03.295] [INFO] default - GET /styles.css
[2022-03-03T12:10:03.316] [INFO] default - GET /js/index.js
[2022-03-03T12:13:10.614] [INFO] default - POST /api/register
[2022-03-03T12:18:47.108] [INFO] default - GET /
[2022-03-03T12:18:47.429] [INFO] default - GET /styles.css
[2022-03-03T12:18:47.454] [INFO] default - GET /js/index.js
[2022-03-03T12:19:13.070] [INFO] default - POST /api/register
[2022-03-03T12:20:16.124] [INFO] default - GET /
[2022-03-03T12:20:16.467] [INFO] default - GET /styles.css
[2022-03-03T12:20:16.506] [INFO] default - GET /js/index.js
[2022-03-03T12:20:40.583] [INFO] default - POST /api/register
[2022-03-03T12:21:49.129] [INFO] default - GET /
[2022-03-03T12:21:49.306] [INFO] default - GET /styles.css
[2022-03-03T12:21:49.323] [INFO] default - GET /js/index.js
[2022-03-03T12:22:33.795] [INFO] default - POST /api/register
[2022-03-03T12:22:34.871] [INFO] default - GET /pages/login.html
[2022-03-03T12:22:35.535] [INFO] default - GET /styles.css
[2022-03-03T12:22:35.550] [INFO] default - GET /js/login.js
[2022-03-03T12:24:01.279] [INFO] default - GET /
[2022-03-03T12:24:01.505] [INFO] default - GET /styles.css
[2022-03-03T12:24:01.531] [INFO] default - GET /js/index.js
[2022-03-03T12:24:02.298] [INFO] default - GET /
[2022-03-03T12:24:24.598] [INFO] default - GET /
[2022-03-03T12:24:24.814] [INFO] default - GET /styles.css
[2022-03-03T12:24:24.826] [INFO] default - GET /js/index.js
[2022-03-03T12:24:46.945] [INFO] default - POST /api/register
[2022-03-03T12:42:52.444] [INFO] default - GET /
[2022-03-03T12:42:52.846] [INFO] default - GET /styles.css
[2022-03-03T12:42:52.877] [INFO] default - GET /js/index.js
[2022-03-03T12:43:44.571] [INFO] default - POST /api/register
[2022-03-03T12:44:00.430] [INFO] default - GET /
[2022-03-03T12:44:00.758] [INFO] default - GET /styles.css
[2022-03-03T12:44:00.807] [INFO] default - GET /js/index.js
[2022-03-03T12:44:26.712] [INFO] default - POST /api/register
[2022-03-03T12:45:06.087] [INFO] default - GET /
[2022-03-03T12:45:06.474] [INFO] default - GET /styles.css
[2022-03-03T12:45:06.485] [INFO] default - GET /js/index.js
[2022-03-03T12:45:07.735] [INFO] default - GET /
[2022-03-03T12:45:07.910] [INFO] default - GET /js/index.js
[2022-03-03T12:45:07.917] [INFO] default - GET /styles.css
[2022-03-03T12:45:54.705] [INFO] default - POST /api/register
[2022-03-03T12:45:55.797] [INFO] default - GET /pages/login.html
[2022-03-03T12:45:56.435] [INFO] default - GET /styles.css
[2022-03-03T12:45:56.455] [INFO] default - GET /js/login.js
[2022-03-03T12:46:04.533] [INFO] default - POST /api/login
[2022-03-03T12:46:05.373] [INFO] default - GET /pages/gestorArt.html
[2022-03-03T12:46:06.060] [INFO] default - GET /styles.css
[2022-03-03T12:46:06.135] [INFO] default - GET /js/gestorArt.js
[2022-03-03T12:46:06.733] [INFO] default - GET /currentUser
[2022-03-03T12:46:07.367] [INFO] default - GET /templates/productsTable.handlebars
[2022-03-03T13:33:40.160] [INFO] default - GET /pages/gestorArt.html
[2022-03-03T13:33:40.344] [INFO] default - GET /styles.css
[2022-03-03T13:33:40.363] [INFO] default - GET /js/gestorArt.js
[2022-03-03T13:33:40.816] [INFO] default - GET /currentUser
[2022-03-03T13:33:41.310] [INFO] default - GET /pages/login.html
[2022-03-03T13:33:41.494] [INFO] default - GET /styles.css
[2022-03-03T13:33:41.537] [INFO] default - GET /js/login.js
[2022-03-03T13:33:45.207] [INFO] default - GET /
[2022-03-03T13:33:45.361] [INFO] default - GET /
[2022-03-03T13:33:45.528] [INFO] default - GET /js/index.js
[2022-03-03T13:33:45.536] [INFO] default - GET /styles.css
[2022-03-03T13:33:46.480] [INFO] default - GET /styles.css
[2022-03-03T13:33:46.503] [INFO] default - GET /js/index.js
[2022-03-03T13:34:25.595] [INFO] default - GET /
[2022-03-03T13:35:22.255] [INFO] default - POST /api/register
[2022-03-03T13:35:23.355] [INFO] default - GET /pages/login.html
[2022-03-03T13:35:23.972] [INFO] default - GET /styles.css
[2022-03-03T13:35:24.008] [INFO] default - GET /js/login.js
[2022-03-03T13:35:49.186] [INFO] default - POST /api/login
[2022-03-03T13:35:49.691] [INFO] default - GET /api/failedLogin
[2022-03-03T13:35:50.290] [INFO] default - GET /pages/gestorArt.html
[2022-03-03T13:35:50.940] [INFO] default - GET /styles.css
[2022-03-03T13:35:50.960] [INFO] default - GET /js/gestorArt.js
[2022-03-03T13:35:51.629] [INFO] default - GET /currentUser
[2022-03-03T13:35:52.174] [INFO] default - GET /templates/productsTable.handlebars
[2022-03-03T13:38:08.768] [INFO] default - GET /pages/gestorArt.html
[2022-03-03T13:38:08.975] [INFO] default - GET /styles.css
[2022-03-03T13:38:09.063] [INFO] default - GET /js/gestorArt.js
[2022-03-03T13:38:09.327] [INFO] default - GET /currentUser
[2022-03-03T13:38:09.738] [INFO] default - GET /pages/login.html
[2022-03-03T13:38:09.902] [INFO] default - GET /styles.css
[2022-03-03T13:38:09.908] [INFO] default - GET /js/login.js
[2022-03-03T13:38:37.384] [INFO] default - GET /pages/login.html
[2022-03-03T13:38:38.022] [INFO] default - GET /styles.css
[2022-03-03T13:38:38.100] [INFO] default - GET /js/login.js
[2022-03-03T13:38:51.926] [INFO] default - POST /api/login
[2022-03-03T13:38:52.124] [INFO] default - GET /api/failedLogin
[2022-03-03T13:38:52.282] [INFO] default - GET /pages/gestorArt.html
[2022-03-03T13:38:52.468] [INFO] default - GET /styles.css
[2022-03-03T13:38:52.497] [INFO] default - GET /js/gestorArt.js
[2022-03-03T13:38:52.963] [INFO] default - GET /currentUser
[2022-03-03T13:38:53.381] [INFO] default - GET /pages/login.html
[2022-03-03T13:38:53.615] [INFO] default - GET /styles.css
[2022-03-03T13:38:53.662] [INFO] default - GET /js/login.js
[2022-03-03T13:39:16.180] [INFO] default - POST /api/login
[2022-03-03T13:39:16.348] [INFO] default - GET /api/failedLogin
[2022-03-03T13:39:16.467] [INFO] default - GET /pages/gestorArt.html
[2022-03-03T13:39:16.665] [INFO] default - GET /styles.css
[2022-03-03T13:39:16.683] [INFO] default - GET /js/gestorArt.js
[2022-03-03T13:39:16.973] [INFO] default - GET /currentUser
[2022-03-03T13:39:17.443] [INFO] default - GET /pages/login.html
[2022-03-03T13:39:17.713] [INFO] default - GET /styles.css
[2022-03-03T13:39:17.729] [INFO] default - GET /js/login.js
[2022-03-03T13:40:42.636] [INFO] default - GET /
[2022-03-03T13:40:42.875] [INFO] default - GET /styles.css
[2022-03-03T13:40:42.887] [INFO] default - GET /js/index.js
[2022-03-03T13:40:42.972] [INFO] default - GET /
[2022-03-03T13:40:43.136] [INFO] default - GET /styles.css
[2022-03-03T13:41:49.491] [INFO] default - GET /
[2022-03-03T13:41:49.869] [INFO] default - GET /styles.css
[2022-03-03T13:41:49.885] [INFO] default - GET /js/index.js
[2022-03-03T13:42:31.814] [INFO] default - GET /
[2022-03-03T13:42:32.137] [INFO] default - GET /styles.css
[2022-03-03T13:42:32.151] [INFO] default - GET /js/index.js
[2022-03-03T13:43:00.840] [INFO] default - POST /api/register
[2022-03-03T13:43:01.921] [INFO] default - GET /pages/login.html
[2022-03-03T13:43:02.482] [INFO] default - GET /styles.css
[2022-03-03T13:43:02.498] [INFO] default - GET /js/login.js
[2022-03-03T13:43:19.782] [INFO] default - POST /api/login
[2022-03-03T13:43:20.621] [INFO] default - GET /pages/gestorArt.html
[2022-03-03T13:43:21.640] [INFO] default - GET /styles.css
[2022-03-03T13:43:21.649] [INFO] default - GET /js/gestorArt.js
[2022-03-03T13:43:22.271] [INFO] default - GET /currentUser
[2022-03-03T13:43:22.745] [INFO] default - GET /templates/productsTable.handlebars
[2022-03-03T15:32:38.794] [INFO] default - GET /pages/gestorArt.html
[2022-03-03T15:32:39.401] [INFO] default - GET /styles.css
[2022-03-03T15:32:39.442] [INFO] default - GET /js/gestorArt.js
[2022-03-03T15:32:40.217] [INFO] default - GET /currentUser
[2022-03-03T15:32:40.572] [INFO] default - GET /pages/login.html
[2022-03-03T15:32:40.756] [INFO] default - GET /styles.css
[2022-03-03T15:32:40.794] [INFO] default - GET /js/login.js
[2022-03-03T15:32:45.010] [INFO] default - GET /
[2022-03-03T15:32:45.205] [INFO] default - GET /styles.css
[2022-03-03T15:32:45.253] [INFO] default - GET /js/index.js
[2022-03-03T15:32:45.533] [INFO] default - GET /
[2022-03-03T15:32:45.677] [INFO] default - GET /styles.css
[2022-03-03T15:33:26.389] [INFO] default - POST /api/register
[2022-03-03T15:33:27.572] [INFO] default - GET /pages/login.html
[2022-03-03T15:33:28.237] [INFO] default - GET /styles.css
[2022-03-03T15:33:28.253] [INFO] default - GET /js/login.js
[2022-03-03T15:41:27.431] [INFO] default - GET /
[2022-03-03T15:41:27.484] [INFO] default - GET /
[2022-03-03T15:41:27.717] [INFO] default - GET /styles.css
[2022-03-03T15:41:27.726] [INFO] default - GET /js/index.js
[2022-03-03T15:42:09.764] [INFO] default - POST /api/register
[2022-03-03T15:42:10.839] [INFO] default - GET /pages/login.html
[2022-03-03T15:42:11.902] [INFO] default - GET /styles.css
[2022-03-03T15:42:11.996] [INFO] default - GET /js/login.js
[2022-03-03T15:54:00.848] [INFO] default - GET /
[2022-03-03T15:54:01.021] [INFO] default - GET /styles.css
[2022-03-03T15:54:01.042] [INFO] default - GET /js/index.js
[2022-03-03T15:54:02.101] [INFO] default - GET /
[2022-03-03T15:55:43.825] [INFO] default - GET /
[2022-03-03T15:55:44.049] [INFO] default - GET /styles.css
[2022-03-03T15:55:44.111] [INFO] default - GET /js/index.js
[2022-03-03T15:56:15.168] [INFO] default - POST /api/register
[2022-03-03T15:56:16.188] [INFO] default - GET /pages/login.html
[2022-03-03T15:56:16.822] [INFO] default - GET /styles.css
[2022-03-03T15:56:16.833] [INFO] default - GET /js/login.js
[2022-03-03T15:59:34.788] [INFO] default - GET /
[2022-03-03T15:59:35.012] [INFO] default - GET /
[2022-03-03T15:59:35.078] [INFO] default - GET /styles.css
[2022-03-03T15:59:35.109] [INFO] default - GET /js/index.js
[2022-03-03T16:00:09.584] [INFO] default - POST /api/register
[2022-03-03T16:00:10.467] [INFO] default - GET /pages/login.html
[2022-03-03T16:00:11.120] [INFO] default - GET /styles.css
[2022-03-03T16:00:11.135] [INFO] default - GET /js/login.js
[2022-03-03T16:05:40.748] [INFO] default - GET /
[2022-03-03T16:05:40.947] [INFO] default - GET /styles.css
[2022-03-03T16:05:40.960] [INFO] default - GET /js/index.js
[2022-03-03T16:05:41.717] [INFO] default - GET /
[2022-03-03T16:06:49.807] [INFO] default - POST /api/register
[2022-03-03T16:06:50.783] [INFO] default - GET /pages/login.html
[2022-03-03T16:06:51.406] [INFO] default - GET /styles.css
[2022-03-03T16:06:51.415] [INFO] default - GET /js/login.js
