[2022-03-01T11:46:23.444] [WARN] default - GET /favicon.ico La ruta que desea ingresar no existe
[2022-03-01T14:40:58.097] [WARN] default - GET /api/sms La ruta que desea ingresar no existe
[2022-03-02T14:11:21.843] [WARN] default - GET /login.html La ruta que desea ingresar no existe
[2022-03-02T14:11:25.031] [WARN] default - GET /login.html La ruta que desea ingresar no existe
[2022-03-02T14:11:31.947] [WARN] default - GET /login.html La ruta que desea ingresar no existe
[2022-03-02T14:11:48.798] [WARN] default - GET /login.html La ruta que desea ingresar no existe
[2022-03-03T13:35:50.015] [WARN] default - GET /api/failedLogin La ruta que desea ingresar no existe
[2022-03-03T13:38:52.138] [WARN] default - GET /api/failedLogin La ruta que desea ingresar no existe
[2022-03-03T13:39:16.356] [WARN] default - GET /api/failedLogin La ruta que desea ingresar no existe
[2022-03-03T16:13:47.132] [WARN] default - GET /api/failedLogin La ruta que desea ingresar no existe
[2022-03-03T16:51:40.493] [WARN] default - GET /public/images/1646337098935WhatsApp La ruta que desea ingresar no existe
[2022-03-03T16:53:12.389] [WARN] default - GET /public La ruta que desea ingresar no existe
[2022-03-03T16:53:26.268] [WARN] default - GET /public/images La ruta que desea ingresar no existe
[2022-03-03T16:56:07.593] [WARN] default - GET /src/public/images La ruta que desea ingresar no existe
[2022-03-03T19:53:44.457] [WARN] default - GET /api/failedLogin La ruta que desea ingresar no existe
[2022-03-03T19:54:01.852] [WARN] default - GET /api/failedLogin La ruta que desea ingresar no existe
[2022-03-03T19:58:04.543] [WARN] default - GET /api/failedLogin La ruta que desea ingresar no existe
[2022-03-03T19:59:24.401] [WARN] default - GET /api/failedLogin La ruta que desea ingresar no existe
[2022-03-03T20:00:27.537] [WARN] default - GET /api/failedLogin La ruta que desea ingresar no existe
[2022-03-03T20:02:09.178] [WARN] default - GET /api/failedLogin La ruta que desea ingresar no existe
[2022-03-03T20:02:21.074] [WARN] default - GET /api/failedLogin La ruta que desea ingresar no existe
[2022-03-03T20:03:25.560] [WARN] default - GET /public/images/1646337098935WhatsApp La ruta que desea ingresar no existe
[2022-03-03T20:05:35.790] [WARN] default - GET /public/images/1646337098935WhatsApp La ruta que desea ingresar no existe
[2022-03-03T20:07:25.501] [WARN] default - GET /public/images/1646337098935WhatsApp La ruta que desea ingresar no existe
[2022-03-03T20:08:44.153] [WARN] default - GET /public/images/1646337098935WhatsApp La ruta que desea ingresar no existe
[2022-03-03T20:09:30.170] [WARN] default - GET /public/images/1646337098935WhatsApp La ruta que desea ingresar no existe
[2022-03-03T20:10:45.233] [WARN] default - GET /public/images/1646337098935WhatsApp La ruta que desea ingresar no existe
[2022-03-03T20:11:19.922] [WARN] default - GET /public/images/1646337098935WhatsApp La ruta que desea ingresar no existe
[2022-03-03T20:11:40.371] [WARN] default - GET /public/images/1646337098935WhatsApp La ruta que desea ingresar no existe
[2022-03-03T20:12:08.463] [WARN] default - GET /public/images/1646337098935WhatsApp La ruta que desea ingresar no existe
[2022-03-03T20:12:19.162] [WARN] default - GET /public/images/1646337098935WhatsApp La ruta que desea ingresar no existe
[2022-03-03T20:13:07.317] [WARN] default - GET /public/images/1646337098935WhatsApp La ruta que desea ingresar no existe
[2022-03-03T20:13:24.443] [WARN] default - GET /public/images/1646337098935WhatsApp La ruta que desea ingresar no existe
[2022-03-05T15:30:52.531] [WARN] default - GET /favicon.ico La ruta que desea ingresar no existe
[2022-03-05T16:03:59.789] [WARN] default - GET /public/images/1646337098935WhatsApp La ruta que desea ingresar no existe
[2022-03-05T16:05:51.224] [WARN] default - GET /public/images/1646337098935WhatsApp La ruta que desea ingresar no existe
[2022-03-05T16:06:10.231] [WARN] default - GET /public/images/1646337098935WhatsApp La ruta que desea ingresar no existe
[2022-03-05T16:06:12.401] [WARN] default - GET /images/1646507168782WhatsApp La ruta que desea ingresar no existe
[2022-03-05T16:06:12.407] [WARN] default - GET /public/images/1646337098935WhatsApp La ruta que desea ingresar no existe
[2022-03-05T16:06:49.424] [WARN] default - GET /public/images/1646337098935WhatsApp La ruta que desea ingresar no existe
[2022-03-05T16:06:49.442] [WARN] default - GET /images/1646507168782WhatsApp La ruta que desea ingresar no existe
[2022-03-05T16:10:07.629] [WARN] default - GET /public/images/1646337098935WhatsApp La ruta que desea ingresar no existe
[2022-03-05T16:10:07.638] [WARN] default - GET /images/1646507168782WhatsApp La ruta que desea ingresar no existe
[2022-03-05T16:10:30.159] [WARN] default - GET /public/images/1646337098935WhatsApp La ruta que desea ingresar no existe
[2022-03-05T16:10:30.180] [WARN] default - GET /images/1646507168782WhatsApp La ruta que desea ingresar no existe
[2022-03-05T16:10:50.468] [WARN] default - GET /public/images/1646337098935WhatsApp La ruta que desea ingresar no existe
[2022-03-05T16:10:50.483] [WARN] default - GET /images/1646507168782WhatsApp La ruta que desea ingresar no existe
[2022-03-05T16:11:40.107] [WARN] default - GET /public/images/1646337098935WhatsApp La ruta que desea ingresar no existe
[2022-03-05T16:11:40.117] [WARN] default - GET /images/1646507168782WhatsApp La ruta que desea ingresar no existe
[2022-03-05T16:41:06.946] [WARN] default - GET /public/images/1646337098935WhatsApp La ruta que desea ingresar no existe
[2022-03-05T16:41:06.965] [WARN] default - GET /images/1646507168782WhatsApp La ruta que desea ingresar no existe
[2022-03-05T16:45:44.860] [WARN] default - GET /public/images/1646337098935WhatsApp La ruta que desea ingresar no existe
[2022-03-05T16:45:44.874] [WARN] default - GET /images/1646507168782WhatsApp La ruta que desea ingresar no existe
[2022-03-05T16:47:13.032] [WARN] default - GET /public/images/1646337098935WhatsApp La ruta que desea ingresar no existe
[2022-03-05T16:47:13.040] [WARN] default - GET /images/1646507168782WhatsApp La ruta que desea ingresar no existe
[2022-03-05T16:48:34.216] [WARN] default - GET /public/images/1646337098935WhatsApp La ruta que desea ingresar no existe
[2022-03-05T16:48:34.238] [WARN] default - GET /images/1646507168782WhatsApp La ruta que desea ingresar no existe
[2022-03-05T16:50:41.556] [WARN] default - GET /public/images/1646337098935WhatsApp La ruta que desea ingresar no existe
[2022-03-05T16:50:41.568] [WARN] default - GET /images/1646507168782WhatsApp La ruta que desea ingresar no existe
[2022-03-05T16:51:33.112] [WARN] default - GET /public/images/1646337098935WhatsApp La ruta que desea ingresar no existe
[2022-03-05T16:51:33.122] [WARN] default - GET /images/1646507168782WhatsApp La ruta que desea ingresar no existe
[2022-03-05T16:52:15.072] [WARN] default - GET /public/images/1646337098935WhatsApp La ruta que desea ingresar no existe
[2022-03-05T16:52:15.089] [WARN] default - GET /images/1646507168782WhatsApp La ruta que desea ingresar no existe
[2022-03-05T16:53:48.440] [WARN] default - GET /public/images/1646337098935WhatsApp La ruta que desea ingresar no existe
[2022-03-05T16:53:48.453] [WARN] default - GET /images/1646507168782WhatsApp La ruta que desea ingresar no existe
[2022-03-05T16:54:11.357] [WARN] default - GET /images/1646507168782WhatsApp La ruta que desea ingresar no existe
[2022-03-05T16:54:11.366] [WARN] default - GET /public/images/1646337098935WhatsApp La ruta que desea ingresar no existe
[2022-03-05T16:54:45.785] [WARN] default - GET /public/images/1646337098935WhatsApp La ruta que desea ingresar no existe
[2022-03-05T16:54:45.794] [WARN] default - GET /images/1646507168782WhatsApp La ruta que desea ingresar no existe
[2022-03-05T16:55:56.133] [WARN] default - GET /public/images/1646337098935WhatsApp La ruta que desea ingresar no existe
[2022-03-05T16:55:56.151] [WARN] default - GET /images/1646507168782WhatsApp La ruta que desea ingresar no existe
[2022-03-05T16:56:36.700] [WARN] default - GET /public/images/1646337098935WhatsApp La ruta que desea ingresar no existe
[2022-03-05T16:56:36.719] [WARN] default - GET /images/1646507168782WhatsApp La ruta que desea ingresar no existe
[2022-03-05T16:57:08.372] [WARN] default - GET /images/1646507168782WhatsApp La ruta que desea ingresar no existe
[2022-03-05T16:57:08.381] [WARN] default - GET /public/images/1646337098935WhatsApp La ruta que desea ingresar no existe
[2022-03-05T16:58:11.104] [WARN] default - GET /public/images/1646337098935WhatsApp La ruta que desea ingresar no existe
[2022-03-05T16:58:11.119] [WARN] default - GET /images/1646507168782WhatsApp La ruta que desea ingresar no existe
[2022-03-05T17:00:12.182] [WARN] default - GET /public/images/1646337098935WhatsApp La ruta que desea ingresar no existe
[2022-03-05T17:00:12.191] [WARN] default - GET /images/1646507168782WhatsApp La ruta que desea ingresar no existe
[2022-03-05T17:02:35.261] [WARN] default - GET /public/images/1646337098935WhatsApp La ruta que desea ingresar no existe
[2022-03-05T17:02:35.288] [WARN] default - GET /images/1646507168782WhatsApp La ruta que desea ingresar no existe
[2022-03-05T17:03:46.041] [WARN] default - GET /public/images/1646337098935WhatsApp La ruta que desea ingresar no existe
[2022-03-05T17:03:46.050] [WARN] default - GET /images/1646507168782WhatsApp La ruta que desea ingresar no existe
[2022-03-05T17:03:56.400] [WARN] default - GET /public/images/1646337098935WhatsApp La ruta que desea ingresar no existe
[2022-03-05T17:03:56.406] [WARN] default - GET /images/1646507168782WhatsApp La ruta que desea ingresar no existe
[2022-03-05T17:04:19.623] [WARN] default - GET /images/1646507168782WhatsApp La ruta que desea ingresar no existe
[2022-03-05T17:04:19.630] [WARN] default - GET /public/images/1646337098935WhatsApp La ruta que desea ingresar no existe
[2022-03-05T17:05:03.760] [WARN] default - GET /public/images/1646337098935WhatsApp La ruta que desea ingresar no existe
[2022-03-05T17:05:04.991] [WARN] default - GET /images/1646507168782WhatsApp La ruta que desea ingresar no existe
[2022-03-05T17:05:46.396] [WARN] default - GET /public/images/1646337098935WhatsApp La ruta que desea ingresar no existe
[2022-03-05T17:05:46.404] [WARN] default - GET /images/1646507168782WhatsApp La ruta que desea ingresar no existe
[2022-03-05T17:06:00.926] [WARN] default - GET /public/images/1646337098935WhatsApp La ruta que desea ingresar no existe
[2022-03-05T17:06:00.931] [WARN] default - GET /images/1646507168782WhatsApp La ruta que desea ingresar no existe
[2022-03-05T17:06:23.219] [WARN] default - GET /public/images/1646337098935WhatsApp La ruta que desea ingresar no existe
[2022-03-05T17:06:23.224] [WARN] default - GET /images/1646507168782WhatsApp La ruta que desea ingresar no existe
[2022-03-05T17:07:40.700] [WARN] default - GET /public/images/1646337098935WhatsApp La ruta que desea ingresar no existe
[2022-03-05T17:07:40.718] [WARN] default - GET /images/1646507168782WhatsApp La ruta que desea ingresar no existe
[2022-03-05T17:08:33.180] [WARN] default - GET /public/images/1646337098935WhatsApp La ruta que desea ingresar no existe
[2022-03-05T17:08:33.197] [WARN] default - GET /images/1646507168782WhatsApp La ruta que desea ingresar no existe
[2022-03-05T17:09:20.152] [WARN] default - GET /public/images/1646337098935WhatsApp La ruta que desea ingresar no existe
[2022-03-05T17:09:20.159] [WARN] default - GET /images/1646507168782WhatsApp La ruta que desea ingresar no existe
[2022-03-05T17:10:23.392] [WARN] default - GET /images/1646507168782WhatsApp La ruta que desea ingresar no existe
[2022-03-05T17:10:23.402] [WARN] default - GET /public/images/1646337098935WhatsApp La ruta que desea ingresar no existe
[2022-03-05T17:11:29.422] [WARN] default - GET /public/images/1646337098935WhatsApp La ruta que desea ingresar no existe
[2022-03-05T17:11:29.429] [WARN] default - GET /images/1646507168782WhatsApp La ruta que desea ingresar no existe
[2022-03-05T17:12:05.241] [WARN] default - GET /public/images/1646337098935WhatsApp La ruta que desea ingresar no existe
[2022-03-05T17:12:05.245] [WARN] default - GET /images/1646507168782WhatsApp La ruta que desea ingresar no existe
[2022-03-05T17:13:21.096] [WARN] default - GET /public/images/1646337098935WhatsApp La ruta que desea ingresar no existe
[2022-03-05T17:13:21.104] [WARN] default - GET /images/1646507168782WhatsApp La ruta que desea ingresar no existe
[2022-03-05T17:14:46.547] [WARN] default - GET /public/images/1646337098935WhatsApp La ruta que desea ingresar no existe
[2022-03-05T17:14:46.556] [WARN] default - GET /images/1646507168782WhatsApp La ruta que desea ingresar no existe
[2022-03-05T17:16:39.347] [WARN] default - GET /public/images/1646337098935WhatsApp La ruta que desea ingresar no existe
[2022-03-05T17:16:39.363] [WARN] default - GET /images/1646507168782WhatsApp La ruta que desea ingresar no existe
[2022-03-05T17:17:55.334] [WARN] default - GET /pages/usuario[0].avatar La ruta que desea ingresar no existe
[2022-03-05T17:17:55.867] [WARN] default - GET /public/images/1646337098935WhatsApp La ruta que desea ingresar no existe
[2022-03-05T17:17:56.934] [WARN] default - GET /images/1646507168782WhatsApp La ruta que desea ingresar no existe
[2022-03-05T17:18:48.971] [WARN] default - GET /images/1646507168782WhatsApp La ruta que desea ingresar no existe
[2022-03-05T17:18:48.980] [WARN] default - GET /public/images/1646337098935WhatsApp La ruta que desea ingresar no existe
[2022-03-05T17:21:17.758] [WARN] default - GET /public/images/1646337098935WhatsApp La ruta que desea ingresar no existe
[2022-03-05T17:21:17.766] [WARN] default - GET /images/1646507168782WhatsApp La ruta que desea ingresar no existe
[2022-03-05T17:32:17.196] [WARN] default - GET /public/images/1646337098935WhatsApp La ruta que desea ingresar no existe
[2022-03-05T17:32:17.206] [WARN] default - GET /images/1646507168782WhatsApp La ruta que desea ingresar no existe
[2022-03-05T17:40:34.667] [WARN] default - GET /public/images/1646337098935WhatsApp La ruta que desea ingresar no existe
[2022-03-05T17:40:34.676] [WARN] default - GET /images/1646507168782WhatsApp La ruta que desea ingresar no existe
[2022-03-05T17:41:41.296] [WARN] default - GET /public/images/1646337098935WhatsApp La ruta que desea ingresar no existe
[2022-03-05T17:41:41.305] [WARN] default - GET /images/1646507168782WhatsApp La ruta que desea ingresar no existe
[2022-03-05T17:42:48.057] [WARN] default - GET /public/images/1646512950794WhatsApp La ruta que desea ingresar no existe
[2022-03-05T17:42:48.611] [WARN] default - GET /public/images/1646337098935WhatsApp La ruta que desea ingresar no existe
[2022-03-05T17:42:49.623] [WARN] default - GET /images/1646507168782WhatsApp La ruta que desea ingresar no existe
[2022-03-05T17:45:15.645] [WARN] default - GET /public/images/1646512950794WhatsApp%20Image%202021-08-25%20at%2013.27.43%20(2).jpeg La ruta que desea ingresar no existe
[2022-03-05T17:48:34.058] [WARN] default - GET /images/1646512950794WhatsApp La ruta que desea ingresar no existe
[2022-03-05T17:48:34.524] [WARN] default - GET /public/images/1646337098935WhatsApp La ruta que desea ingresar no existe
[2022-03-05T17:48:35.440] [WARN] default - GET /images/1646507168782WhatsApp La ruta que desea ingresar no existe
[2022-03-05T17:55:18.344] [WARN] default - GET /public/images/1646337098935WhatsApp La ruta que desea ingresar no existe
[2022-03-05T17:55:19.294] [WARN] default - GET /images/1646507168782WhatsApp La ruta que desea ingresar no existe
[2022-03-05T17:56:14.445] [WARN] default - GET /public/images/1646337098935WhatsApp La ruta que desea ingresar no existe
[2022-03-05T17:56:15.385] [WARN] default - GET /images/1646507168782WhatsApp La ruta que desea ingresar no existe
[2022-03-05T17:58:18.410] [WARN] default - GET /public/images/1646337098935WhatsApp La ruta que desea ingresar no existe
[2022-03-05T17:58:19.331] [WARN] default - GET /images/1646507168782WhatsApp La ruta que desea ingresar no existe
[2022-03-05T18:04:29.058] [WARN] default - GET /public/images/1646337098935WhatsApp La ruta que desea ingresar no existe
[2022-03-05T18:04:30.110] [WARN] default - GET /images/1646507168782WhatsApp La ruta que desea ingresar no existe
[2022-03-05T18:08:45.400] [WARN] default - GET /images/1646507168782WhatsApp La ruta que desea ingresar no existe
[2022-03-05T18:12:56.482] [WARN] default - GET /images/1646507168782WhatsApp La ruta que desea ingresar no existe
[2022-03-05T18:14:44.066] [WARN] default - GET /images/1646507168782WhatsApp La ruta que desea ingresar no existe
[2022-03-05T18:15:03.175] [WARN] default - GET /images/1646507168782WhatsApp La ruta que desea ingresar no existe
[2022-03-05T18:18:28.074] [WARN] default - GET /images/1646507168782WhatsApp%20Image%202022-02-05%20at%2013.31.00.jpeg La ruta que desea ingresar no existe
[2022-03-05T18:22:58.965] [WARN] default - GET /images/1646515377143WhatsApp La ruta que desea ingresar no existe
[2022-03-05T18:25:52.318] [WARN] default - GET /images/1646515377143WhatsApp La ruta que desea ingresar no existe
[2022-03-05T19:18:22.442] [WARN] default - GET /api/carrito La ruta que desea ingresar no existe
[2022-03-05T19:18:35.582] [WARN] default - GET /api/carritos La ruta que desea ingresar no existe
[2022-03-05T19:22:15.101] [WARN] default - GET /api/carritos/ La ruta que desea ingresar no existe
[2022-03-05T19:22:44.301] [WARN] default - GET /api/carritos/ La ruta que desea ingresar no existe
[2022-03-05T19:22:50.391] [WARN] default - GET /api/carrito/ La ruta que desea ingresar no existe
[2022-03-05T19:42:23.956] [WARN] default - GET /api/logout La ruta que desea ingresar no existe
[2022-03-05T19:42:47.436] [WARN] default - GET /api/logout La ruta que desea ingresar no existe
[2022-03-05T20:05:26.011] [WARN] default - GET /pages/login.hml La ruta que desea ingresar no existe
[2022-03-05T20:06:00.973] [WARN] default - GET /pages/login.hml La ruta que desea ingresar no existe
[2022-03-05T20:06:31.583] [WARN] default - GET /api/public/pages/login.hml La ruta que desea ingresar no existe
[2022-03-05T20:07:17.418] [WARN] default - GET /api/pages/login.hml La ruta que desea ingresar no existe
[2022-03-05T20:07:54.123] [WARN] default - GET /api/pages/login.html La ruta que desea ingresar no existe
[2022-03-05T20:08:26.212] [WARN] default - GET /api/..pages/login.html La ruta que desea ingresar no existe
[2022-03-05T20:10:32.626] [WARN] default - GET /pages.login.html La ruta que desea ingresar no existe
[2022-03-05T20:20:11.317] [WARN] default - GET /public/js/gestorArt.js La ruta que desea ingresar no existe
[2022-03-05T20:20:29.678] [WARN] default - GET /public/js/gestorArt.js La ruta que desea ingresar no existe
[2022-03-05T20:20:42.090] [WARN] default - GET /public/js/gestorArt.js La ruta que desea ingresar no existe
[2022-03-05T20:23:04.994] [WARN] default - GET /public/js/gestorArt.js La ruta que desea ingresar no existe
[2022-03-05T20:23:13.545] [WARN] default - GET /public/js/gestorArt.js La ruta que desea ingresar no existe
[2022-03-05T20:23:25.012] [WARN] default - GET /public/js/gestorArt.js La ruta que desea ingresar no existe
[2022-03-05T20:23:42.216] [WARN] default - GET /public/js/gestorArt.js La ruta que desea ingresar no existe
[2022-03-05T20:24:10.213] [WARN] default - GET /public/js/gestorArt.js La ruta que desea ingresar no existe
[2022-03-05T20:25:40.186] [WARN] default - GET /public/js/gestorArt.js La ruta que desea ingresar no existe
[2022-03-05T20:26:10.777] [WARN] default - GET /public/js/gestorArt.js La ruta que desea ingresar no existe
[2022-03-05T20:27:00.307] [WARN] default - GET /public/js/gestorArt.js La ruta que desea ingresar no existe
[2022-03-05T20:29:01.163] [WARN] default - GET /public/js/gestorArt.js La ruta que desea ingresar no existe
[2022-03-05T20:29:03.303] [WARN] default - GET /public/js/gestorArt.js La ruta que desea ingresar no existe
[2022-03-05T20:29:32.388] [WARN] default - GET /public/js/gestorArt.js La ruta que desea ingresar no existe
[2022-03-05T20:30:58.461] [WARN] default - GET /public/js/gestorArt.js La ruta que desea ingresar no existe
[2022-03-05T20:31:00.896] [WARN] default - GET /views/pages/gestorArt.html La ruta que desea ingresar no existe
[2022-03-05T20:31:10.791] [WARN] default - GET /public/js/gestorArt.js La ruta que desea ingresar no existe
[2022-03-05T20:31:14.444] [WARN] default - GET /views/pages/gestorArt.html La ruta que desea ingresar no existe
[2022-03-05T20:31:33.581] [WARN] default - GET /public/js/gestorArt.js La ruta que desea ingresar no existe
[2022-03-05T20:31:38.667] [WARN] default - GET /public/js/gestorArt.js La ruta que desea ingresar no existe
[2022-03-05T20:31:44.811] [WARN] default - GET /public/js/gestorArt.js La ruta que desea ingresar no existe
[2022-03-05T20:32:10.320] [WARN] default - GET /public/js/gestorArt.js La ruta que desea ingresar no existe
[2022-03-05T20:33:02.809] [WARN] default - GET /public/js/gestorArt.js La ruta que desea ingresar no existe
[2022-03-05T20:33:02.886] [WARN] default - GET /public/js/gestorArt.js La ruta que desea ingresar no existe
[2022-03-05T20:33:07.379] [WARN] default - GET /public/js/gestorArt.js La ruta que desea ingresar no existe
[2022-03-05T20:33:12.202] [WARN] default - GET /public/js/gestorArt.js La ruta que desea ingresar no existe
[2022-03-05T20:33:48.816] [WARN] default - GET /public/js/gestorArt.js La ruta que desea ingresar no existe
[2022-03-05T20:34:17.874] [WARN] default - GET /public/js/gestorArt.js La ruta que desea ingresar no existe
[2022-03-05T20:34:30.819] [WARN] default - GET /public/js/gestorArt.js La ruta que desea ingresar no existe
[2022-03-05T21:34:28.158] [WARN] default - GET /favicon.ico La ruta que desea ingresar no existe
[2022-03-05T22:36:05.470] [WARN] default - GET /api/logou La ruta que desea ingresar no existe
[2022-03-07T11:41:04.342] [WARN] default - GET /favicon.ico La ruta que desea ingresar no existe
[2022-03-07T11:41:53.950] [WARN] default - GET / La ruta que desea ingresar no existe
[2022-03-07T11:43:16.831] [WARN] default - GET / La ruta que desea ingresar no existe
[2022-03-07T11:43:58.284] [WARN] default - GET / La ruta que desea ingresar no existe
[2022-03-07T11:44:01.320] [WARN] default - GET / La ruta que desea ingresar no existe
[2022-03-07T11:44:41.759] [WARN] default - GET / La ruta que desea ingresar no existe
[2022-03-07T11:45:00.497] [WARN] default - GET / La ruta que desea ingresar no existe
[2022-03-07T11:46:30.978] [WARN] default - GET /styles.css La ruta que desea ingresar no existe
[2022-03-07T11:51:59.801] [WARN] default - GET / La ruta que desea ingresar no existe
[2022-03-07T11:52:05.600] [WARN] default - GET / La ruta que desea ingresar no existe
[2022-03-07T11:52:38.906] [WARN] default - GET / La ruta que desea ingresar no existe
[2022-03-07T11:52:45.652] [WARN] default - GET / La ruta que desea ingresar no existe
[2022-03-07T11:53:50.762] [WARN] default - GET / La ruta que desea ingresar no existe
[2022-03-07T11:54:27.002] [WARN] default - GET / La ruta que desea ingresar no existe
[2022-03-07T11:56:57.730] [WARN] default - GET / La ruta que desea ingresar no existe
[2022-03-07T11:57:01.909] [WARN] default - GET / La ruta que desea ingresar no existe
[2022-03-07T12:24:32.649] [WARN] default - GET / La ruta que desea ingresar no existe
[2022-03-07T12:26:43.956] [WARN] default - GET / La ruta que desea ingresar no existe
[2022-03-07T12:42:41.225] [WARN] default - GET /styles.css La ruta que desea ingresar no existe
[2022-03-07T12:42:51.319] [WARN] default - GET /styles.css La ruta que desea ingresar no existe
[2022-03-07T12:47:42.208] [WARN] default - GET /styles.css La ruta que desea ingresar no existe
[2022-03-07T13:42:25.873] [WARN] default - GET /api/js/index.js La ruta que desea ingresar no existe
[2022-03-07T13:42:25.991] [WARN] default - GET /api/js/index.js La ruta que desea ingresar no existe
[2022-03-07T13:58:01.376] [WARN] default - GET /api/pages/login.html La ruta que desea ingresar no existe
[2022-03-07T14:12:37.014] [WARN] default - GET /api/pages/login.html La ruta que desea ingresar no existe
[2022-03-07T14:26:50.426] [WARN] default - GET /images/1646673864322WhatsApp La ruta que desea ingresar no existe
[2022-03-07T15:07:12.196] [WARN] default - GET /api/failedLogin La ruta que desea ingresar no existe
[2022-03-07T15:12:20.303] [WARN] default - GET /api/failedLogin La ruta que desea ingresar no existe
[2022-03-07T15:13:44.655] [WARN] default - GET /api/failedLogin La ruta que desea ingresar no existe
[2022-03-07T15:17:43.638] [WARN] default - GET /api/failedLogin La ruta que desea ingresar no existe
[2022-03-07T15:18:37.562] [WARN] default - GET /api/failedLogin La ruta que desea ingresar no existe
[2022-03-07T15:31:33.837] [WARN] default - GET /api/failedLogin La ruta que desea ingresar no existe
[2022-03-07T15:36:18.434] [WARN] default - GET /api/failedLogin La ruta que desea ingresar no existe
[2022-03-07T15:36:58.770] [WARN] default - GET /api/failedLogin La ruta que desea ingresar no existe
[2022-03-07T16:52:41.669] [WARN] default - GET /styles.css La ruta que desea ingresar no existe
